17
0
1
9
0

31
0
1
1
0

74
0
0
0
0

48
0
1
43
0

184
0
1
170
1

480
1
7
58
1

10
0
1
6
0

174
0
3
15
1

68
0
12
5
0

331
1
2
131
1

296
1
6
41
0

54
1
1
44
1

61
1
0
0
0

60
0
1
19
0

186
1
1
65
0

254
0
2
147
2

34
0
2
11
2

104
0
1
58
0

109
0
3
7
0

869
1
2
51
1

89
0
4
27
1

214
0
4
36
1

201
0
6
30
1

287
1
1
241
1

467
1
7
109
1

29
0
1
22
0

36
0
1
24
0

325
0
9
75
1

144
0
2
28
0

206
1
3
31
1

99
0
1
1
1

73
1
0
0
0

36
0
1
14
2

92
0
1
86
0

10
0
1
5
0

64
0
1
35
0

14
0
1
2
1

125
0
1
1
1

20
0
1
11
1

349
1
4
99
1

177
1
2
46
1

258
0
3
7
1

91
0
2
5
1

14
0
1
13
2

342
0
8
74
1

53
0
2
38
0

24
0
1
19
0

561
0
7
159
2

603
0
8
99
2

130
0
3
28
1

379
0
5
69
1

65
0
1
1
0

43
0
0
0
0

10
0
0
0
0

305
1
2
79
1

59
0
1
52
0

99
0
1
86
1

107
0
2
68
0

31
0
2
10
0

250
0
7
82
2

160
0
1
118
1

296
0
4
150
2

33
0
1
8
0

711
0
8
264
1

77
1
0
0
0

182
0
4
34
0

90
0
1
36
0

17
0
1
11
0

62
0
1
52
0

284
0
4
89
1

268
1
4
45
0

459
1
2
128
1

187
0
3
97
1

215
0
3
66
1

112
0
1
46
0

672
1
23
88
2

51
0
1
40
1

74
1
1
48
0

81
0
2
43
1

41
0
1
13
0

128
1
6
44
1

127
0
2
15
1

123
1
2
20
0

35
0
1
19
0

1
0
0
0
0

190
0
2
52
0

467
1
19
80
1

3
0
0
0
0

431
1
4
118
1

17
0
1
13
0

10
0
1
6
0

436
0
2
197
1

161
0
4
26
1

70
0
1
53
0

255
0
8
59
0

174
0
5
5
0

382
0
6
73
1

16
0
1
10
0

841
1
31
153
1

88
0
3
31
0

97
1
0
0
0

292
0
3
133
0

322
0
2
119
1

237
0
3
81
1

26
0
1
14
1

102
0
1
72
1

15
0
1
11
0

43
0
1
37
0

227
0
5
68
2

7
0
1
3
0

17
0
1
13
0

10
0
1
6
0

13
0
2
1
0

283
0
1
128
1

1617
0
9
112
1

49
0
2
14
0

321
0
1
306
1

112
0
1
106
1

456
1
1
85
0

496
0
7
24
1

465
1
2
128
1

368
0
5
145
1

292
1
2
73
1

5
0
1
1
0

298
1
2
81
1

12
0
1
7
0

23
0
3
7
0

88
0
1
58
2

242
0
1
231
1

199
0
1
192
0

219
0
2
54
1

19
0
1
8
1

565
1
6
79
2

83
0
1
56
1

257
0
9
47
1

431
0
3
57
0

104
1
1
72
0

310
0
2
181
0

173
0
5
47
1

95
0
1
86
0

245
1
2
84
1

253
0
6
41
1

282
0
4
118
1

36
0
0
0
0

185
0
4
36
0

156
1
2
83
1

42
0
1
11
0

155
1
1
120
1

1619
0
8
44
1

19
0
1
7
0

204
0
3
85
1

36
0
1
29
0

31
0
2
7
0

544
1
1
475
1

18
0
1
7
1

294
0
5
5
0

55
0
1
41
0

355
0
1
342
2

150
1
0
0
0

23
0
1
18
0

299
1
2
49
2

98
0
1
1
1

83
0
0
0
0

242
0
0
0
0

240
1
1
124
1

28
0
1
11
0

177
1
1
49
0

424
0
7
79
1

38
0
2
18
1

722
0
5
133
2

39
0
1
16
0

170
0
2
61
1

170
0
1
126
1

483
0
6
134
0

46
0
6
8
0

335
1
1
289
2

236
1
2
28
1

15
0
1
11
0

344
0
9
156
3

7
0
0
0
0

634
1
11
118
1

321
1
2
105
1

321
0
3
129
1

153
0
2
44
2

148
0
3
23
1

25
0
1
5
1

178
0
3
33
1

121
0
1
112
0

14
0
1
3
0

170
0
1
137
2

113
0
1
77
1

21
0
1
11
0

454
1
2
158
1

60
0
2
10
2

326
0
1
154
1

55
0
1
15
1

201
1
2
46
0

227
0
5
51
1

108
0
2
38
1

327
0
12
52
1

326
0
13
35
1

525
1
2
171
1

356
0
10
49
2

266
1
5
126
2

288
0
3
97
1

190
0
6
32
0

67
0
1
1
1

39
0
1
31
0

31
0
1
23
0

142
0
1
42
0

5
0
1
1
0

242
0
1
196
1

26
0
1
21
0

285
0
7
55
2

18
0
1
14
0

250
0
4
65
1

292
1
2
64
1

21
0
1
17
0

347
0
5
94
0

367
0
6
100
1

247
0
1
59
0

572
0
2
347
1

985
0
26
165
1

54
0
1
30
1

45
0
1
38
0

232
0
4
54
1

523
0
9
80
1

194
0
2
1
1

103
0
1
75
1

29
0
2
10
0

9
0
1
5
0

510
0
2
290
1

164
1
1
56
1

5
0
0
0
0

565
0
1
545
4

156
0
2
46
1

386
0
2
146
1

77
0
0
0
1

185
0
4
33
1

94
0
1
90
0

218
1
8
31
0

13
0
1
8
0

256
0
4
38
1

240
0
5
49
1

17
0
0
0
0

447
1
5
63
1

289
0
5
42
1

667
0
4
132
1

168
0
4
22
0

203
1
2
90
0

51
0
1
21
1

16
0
0
0
0

9
0
0
0
0

15
0
0
0
0

149
0
10
25
0

724
0
12
136
1

7
0
0
0
0

12
0
0
0
0

132
0
4
26
0

117
0
1
87
1

547
1
18
154
2

136
0
1
38
0

85
1
1
53
0

560
1
4
232
1

20
0
4
1
0

53
0
2
12
0

520
1
1
511
0

88
0
0
0
0

79
0
5
21
0

135
0
2
25
0

20
0
1
16
0

125
0
1
119
0

24
0
1
15
0

291
0
6
49
1

43
0
4
9
0

165
1
1
111
1

396
1
3
139
1

477
0
1
442
1

46
0
1
39
1

242
0
4
38
1

51
0
4
7
0

448
1
11
155
1

176
1
1
51
1

224
0
2
60
0

82
0
1
15
1

420
0
17
51
1

138
0
2
34
1

237
0
6
62
1

159
1
0
0
0

656
0
5
233
1

19
0
1
15
0

1383
0
3
206
1

41
0
1
34
0

91
0
4
33
2

54
0
1
13
0

42
0
2
13
0

138
1
1
47
0

77
0
6
2
1

329
0
3
62
1

524
0
5
121
1

33
1
1
22
1

1359
1
4
789
2

44
0
3
7
1

32
0
1
28
0

1339
0
1
1312
4

159
0
2
40
1

233
0
5
41
0

52
0
1
20
1

139
0
1
108
0

269
0
1
226
1

644
1
5
151
0

337
0
6
44
0

319
0
2
117
1

139
0
12
29
0

256
0
2
80
1

15
0
2
5
0

74
0
9
8
0

57
0
1
44
0

226
0
3
69
0

53
0
3
12
2

51
0
1
23
0

11
0
1
5
0

357
0
9
56
2

27
0
1
23
0

555
0
5
169
1

34
0
1
11
1

8
0
1
2
0

176
0
4
60
1

207
1
2
78
1

101
0
1
45
1

56
0
2
36
0

489
0
4
73
3

101
0
3
30
2

42
0
1
18
2

12
0
1
7
0

25
0
0
0
0

188
1
6
22
1

542
0
2
322
1

42
0
1
36
0

643
0
20
33
1

80
0
2
47
1

2
0
1
1
0

11
0
0
0
0

130
0
1
101
0

314
1
2
94
1

225
1
6
37
1

16
0
0
0
0

61
0
1
52
0

99
0
3
21
3

229
1
2
82
1

172
0
2
72
1

75
0
1
68
0

95
1
1
70
0

293
0
2
235
1

634
1
7
281
2

248
1
2
59
0

183
0
3
33
0

755
0
13
70
2

270
0
2
96
0

130
0
1
103
0

338
1
1
97
1

342
0
7
19
1

572
0
0
0
0

887
1
5
660
3

426
0
20
30
1

47
0
1
40
0

20
0
1
15
0

78
0
2
10
2

23
0
1
7
0

50
1
0
0
0

81
1
1
1
0

62
0
2
27
3

53
0
1
46
0

22
0
1
16
0

63
0
4
21
0

40
0
3
10
1

342
1
2
151
1

19
0
1
6
0

362
0
10
79
1

65
0
1
30
0

361
1
2
303
1

762
0
12
146
2

299
0
4
89
2

154
0
3
119
1

89
1
0
0
0

38
0
3
13
0

56
0
3
8
0

18
0
1
9
0

90
1
1
59
1

82
0
1
28
1

148
0
4
50
0

38
0
2
15
1

39
0
1
11
1

356
1
9
37
1

328
0
5
86
0

45
0
1
37
0

10
0
0
0
0

134
0
1
105
0

1095
0
12
54
1

38
0
1
27
1

179
0
5
34
1

178
0
2
54
0

145
0
1
49
0

229
0
1
101
0

267
1
4
49
0

253
0
1
53
0

103
0
1
68
0

14
0
2
6
0

142
1
1
51
0

50
0
1
42
2

108
1
1
28
0

94
1
0
0
0

210
0
5
48
1

155
1
1
56
0

58
0
1
2
0

747
1
13
264
2

11
0
0
0
0

297
0
2
1
2

802
1
4
393
2

264
0
1
162
2

428
1
8
107
1

317
0
2
173
0

200
1
1
74
1

1
0
0
0
0

545
0
11
103
1

209
1
1
92
0

62
0
1
1
0

131
1
0
0
0

268
0
5
66
1

176
0
6
38
0

297
0
7
70
1

120
0
1
76
1

48
0
2
7
0

197
1
1
150
1

89
0
1
82
0

69
0
2
25
0

102
1
0
0
0

181
0
5
23
0

210
1
6
26
1

107
0
1
79
0

76
0
1
40
1

899
0
58
73
1

228
1
2
78
0

35
0
2
13
1

3
0
0
0
0

19
0
1
14
0

22
0
1
17
0

11
0
0
0
0

149
0
1
35
0

46
0
1
38
1

27
0
1
23
0

199
0
6
28
1

117
0
4
38
2

213
0
6
31
1

25
0
0
0
0

43
0
2
18
2

274
1
3
22
2

318
0
9
8
3

113
0
0
0
2

322
1
5
35
0

338
1
5
126
1

17
0
1
13
0

1095
1
11
97
2

111
1
3
14
1

62
0
1
56
0

107
1
1
27
0

453
0
2
13
1

86
0
1
57
0

155
0
1
142
1

96
0
1
83
1

11
0
2
2
0

257
1
3
33
1

226
1
6
58
1

41
0
1
34
1

9
0
0
0
0

20
0
1
15
0

27
0
1
21
0

203
1
5
26
1

105
0
1
80
0

115
0
2
52
1

248
0
2
60
0

64
0
1
58
1

38
1
1
12
1

351
0
10
61
2

229
0
6
33
2

11
0
1
4
1

75
1
1
63
0

334
1
2
142
0

56
0
4
16
2

411
0
2
340
0

105
0
7
32
1

261
1
3
71
1

16
0
1
12
0

74
0
0
0
0

61
0
1
53
0

21
0
1
9
1

42
0
1
8
0

97
0
1
88
1

2132
0
2
14
3

23
0
1
18
0

301
0
1
280
3

87
0
1
69
1

12
0
0
0
0

227
1
2
78
1

234
0
1
20
0

39
0
2
18
1

65
0
4
8
0

135
0
0
0
0

139
0
3
24
1

8
0
1
1
0

373
0
14
117
2

217
0
1
176
2

286
0
5
37
1

428
0
0
0
0

360
1
5
71
1

153
0
2
41
0

364
0
2
144
0

470
1
6
123
1

87
0
1
57
0

74
0
1
67
0

124
0
2
31
2

34
0
1
25
0

27
0
2
11
0

465
1
1
76
0

17
0
1
3
0

1152
1
19
81
1

182
0
4
75
1

422
1
2
132
0

5
0
0
0
0

70
1
1
41
0

285
0
2
73
0

129
0
3
16
1

153
1
0
0
0

1
0
0
0
0

80
0
1
69
1

270
1
3
68
1

176
0
6
38
0

102
0
1
74
1

18
0
2
1
0

21
0
1
15
0

160
0
1
19
0

225
0
0
0
0

674
1
2
309
2

434
1
5
27
1

242
0
2
109
1

137
0
1
130
0

467
0
10
131
3

165
0
3
93
0

396
1
4
48
1

102
0
1
72
1

130
0
4
4
1

131
0
1
118
1

98
0
3
28
0

178
1
3
41
0

206
1
1
77
1

44
0
1
35
0

79
0
3
34
1

222
0
2
64
1

183
1
1
70
1

39
0
1
31
0

269
1
1
84
0

75
0
2
28
0

134
0
0
0
1

216
0
3
50
0

438
1
3
325
1

244
0
2
141
0

3
0
0
0
0

550
0
17
108
1

585
0
6
255
2

167
1
2
32
0

154
1
0
0
0

431
1
3
282
2

67
0
2
41
0

90
0
2
26
0

436
0
2
399
1

96
0
1
81
1

231
0
3
60
1

85
0
1
60
1

332
0
8
43
1

249
1
8
46
1

242
0
1
224
0

19
0
1
18
0

84
0
0
0
0

1268
1
20
154
3

224
1
1
75
0

11
0
1
5
0

116
0
4
9
0

89
0
5
1
0

87
0
3
31
0

185
0
1
176
0

165
0
3
7
1

37
0
2
2
1

130
0
1
101
0

2192
1
7
344
1

587
1
8
184
2

211
0
4
10
1

623
1
7
119
1

342
0
5
68
1

243
0
9
9
1

292
0
9
60
2

393
0
13
115
3

124
0
2
19
0

82
0
1
51
1

181
0
2
44
1

631
0
9
77
1

198
0
6
52
1

495
1
11
134
2

3
0
0
0
0

392
0
7
99
2

306
0
2
105
0

138
0
2
32
0

92
0
3
1
0

415
1
2
101
1

28
0
1
21
0

394
1
2
172
2

568
0
9
100
3

9
0
0
0
0

379
1
4
65
1

32
0
1
27
0

426
1
2
178
1

244
0
6
29
1

136
0
1
130
0

158
1
3
26
1

774
1
3
314
1

145
0
3
126
1

272
0
9
8
0

165
0
7
66
1

94
0
1
65
0

317
0
5
63
1

666
0
6
92
3

11
0
0
0
0

8
0
0
0
0

180
0
2
58
0

194
1
1
63
2

397
1
4
34
1

506
0
1
495
1

164
0
1
152
1

343
1
6
76
1

53
1
0
0
0

178
0
2
164
1

708
0
8
120
1

1090
1
3
730
2

150
1
0
0
0

199
0
11
30
0

252
1
2
97
0

7
0
0
0
0

16
0
1
12
0

24
0
1
12
3

37
0
1
13
1

403
0
4
38
1

175
0
7
50
1

242
0
8
32
1

443
1
11
99
1

121
1
1
112
0

38
0
1
31
0

181
1
2
25
1

481
0
7
127
1

30
0
2
4
0

53
0
1
39
0

131
0
1
125
3

325
0
5
57
1

8
0
0
0
0

89
0
3
26
0

230
0
1
224
1

137
1
0
0
0

178
0
0
0
1

45
0
0
0
1

91
0
1
80
0

55
0
2
22
0

218
1
5
37
1

358
0
1
321
1

368
0
11
46
2

91
0
0
0
1

188
0
1
56
0

233
0
2
75
0

71
0
12
1
0

47
0
3
6
0

113
0
5
1
0

16
0
1
12
0

172
1
3
24
1

182
0
2
45
0

648
0
2
8
1

383
0
5
92
1

32
0
2
22
2

113
0
5
1
0

512
1
18
131
0

79
0
1
55
0

39
0
2
10
0

241
0
2
141
0

59
0
1
52
0

319
1
3
148
1

28
0
1
22
0

77
0
0
0
0

8
0
1
1
0

20
0
2
10
0

40
0
3
17
1

5
0
0
0
0

79
0
3
31
2

146
0
1
117
1

241
1
1
223
0

170
1
1
134
2

100
0
2
54
0

46
1
1
5
0

115
0
9
8
2

124
0
1
114
0

84
0
1
34
1

481
0
3
197
2

416
0
12
56
2

156
1
1
24
0

355
0
3
87
1

16
0
1
11
0

350
1
1
75
0

81
1
0
0
0

30
0
1
26
0

75
0
1
69
0

116
0
1
104
1

147
0
2
36
1

16
0
1
3
0

116
0
1
18
0

316
1
5
50
0

166
1
1
55
1

240
0
1
228
0

492
1
11
179
1

246
0
3
112
1

458
0
7
86
1

126
0
1
96
0

44
0
3
19
2

147
1
3
31
0

49
0
1
41
0

324
0
2
92
1

163
0
1
142
1

18
0
2
10
0

63
0
3
14
1

262
0
2
134
1

808
1
8
261
1

270
0
2
85
0

446
0
7
10
2

246
1
3
65
0

308
0
7
92
1

207
1
6
64
2

60
0
1
53
0

14
0
1
7
0

107
0
2
87
0

208
0
1
165
2

150
0
3
24
1

103
0
1
75
1

70
0
2
58
2

216
0
5
62
1

243
1
4
97
2

42
0
1
8
0

223
0
1
148
2

608
0
2
594
0

229
0
5
54
0

94
0
1
87
1

182
0
2
34
1

1106
0
23
32
1

43
0
2
3
0

148
1
1
53
0

385
0
4
216
1

127
0
1
39
0

13
0
2
2
0

47
0
1
41
0

283
0
4
19
1

54
0
1
44
0

390
1
11
116
1

234
0
3
40
0

472
0
0
0
0

269
0
3
75
1

25
0
3
6
1

36
0
4
0
1

413
1
8
67
1

41
0
2
27
0

315
0
2
99
1

68
0
4
25
0

333
1
3
236
2

169
0
4
50
0

23
0
1
18
0

30
0
2
10
1

1584
0
0
0
0

532
0
24
127
1

244
0
7
84
0

649
1
14
106
2

55
0
1
49
0

98
0
2
19
0

9
0
1
5
0

307
0
2
165
2

68
0
1
34
0

11
0
1
5
0

613
1
1
457
2

7
0
1
3
0

238
1
7
28
1

249
0
2
51
1

453
1
14
68
0

65
0
1
21
2

63
0
1
30
0

59
0
7
7
0

457
1
1
408
2

160
0
1
133
2

56
0
3
34
0

47
0
1
37
0

210
0
2
7
0

124
0
1
1
0

17
0
1
6
0

151
0
3
102
2

692
1
20
66
2

113
0
4
13
0

972
0
16
156
2

441
1
9
17
1

269
0
12
47
1

258
0
2
146
0

332
1
5
64
0

436
0
14
83
1

737
0
9
2
1

313
1
5
68
1

129
0
6
24
1

142
0
2
24
0

1201
1
2
579
2

10
0
1
6
0

121
0
2
4
0

371
0
29
68
1

267
1
2
131
1

40
0
1
32
0

93
0
4
16
2

237
1
4
60
0

88
1
1
11
0

873
1
6
315
1

385
1
2
247
1

21
0
1
12
0

213
0
2
50
1

134
0
3
37
1

68
0
1
37
0

94
0
0
0
0

227
1
6
83
1

108
0
1
97
1

206
1
2
89
1

536
1
2
170
1

52
0
1
5
0

152
0
3
28
0

388
1
2
114
1

268
0
1
136
1

63
0
10
4
0

330
1
9
70
2

71
0
1
63
0

260
1
4
75
1

82
0
3
23
3

412
0
2
142
0

51
0
3
7
0

411
1
2
134
1

679
0
2
301
2

200
0
0
0
0

95
0
1
57
0

103
0
1
73
1

248
1
5
83
1

97
0
1
1
0

118
1
4
26
0

264
0
2
123
1

1767
0
3
1050
2

305
0
9
29
1

47
0
2
14
0

9
0
1
5
0

143
0
2
107
1

218
0
1
64
0

182
0
5
28
0

43
0
1
36
0

513
0
20
84
1

75
0
1
63
1

23
0
1
16
0

408
1
2
123
1

1347
0
22
171
2

154
0
2
47
1

28
0
5
3
0

622
1
2
7
2

510
1
2
199
1

3
0
1
2
0

65
0
1
1
0

39
0
1
22
1

48
0
2
23
1

24
0
1
19
0

121
0
2
2
0

312
0
2
115
1

312
1
3
132
1

294
1
3
69
0

21
0
1
11
1

163
0
2
74
1

82
0
1
72
0

157
0
5
61
2

363
0
4
84
1

436
0
17
161
2

15
0
1
11
0

10
0
2
2
0

29
0
1
6
1

117
1
1
27
0

53
0
3
24
1

72
0
3
29
1

383
1
1
347
2

199
1
4
67
0

9
0
1
8
1

169
0
1
162
0

48
0
1
38
0

1
0
0
0
0

228
0
2
48
1

66
0
1
58
2

722
0
27
33
0

99
0
2
4
0

90
0
1
77
1

208
1
2
48
2

424
1
3
216
1

267
0
3
78
1

191
0
7
33
1

65
0
1
1
0

315
0
2
112
1

144
0
2
44
0

249
0
2
218
1

514
1
5
126
1

402
0
8
95
2

280
0
6
41
2

210
0
5
34
1

210
0
5
35
1

70
0
1
65
0

103
0
1
72
1

564
0
2
166
1

90
0
6
3
1

20
0
1
8
1

63
0
1
55
0

882
0
22
20
1

199
0
3
58
1

116
0
1
107
0

497
1
1
428
1

44
0
4
3
0

399
0
6
45
1

10
0
1
6
0

8
0
1
4
0

417
0
5
126
0

85
0
7
21
1

23
0
1
19
0

62
0
1
52
0

127
0
3
46
3

140
0
2
55
0

636
0
1
5
0

273
0
4
66
1

274
1
2
70
1

171
1
1
79
1

259
0
11
26
0

16
0
1
12
0

140
0
1
106
0

711
0
12
175
1

171
0
1
51
1

224
0
6
25
3

75
0
1
58
1

27
0
1
8
1

26
0
2
10
0

39
0
3
7
2

38
0
1
34
0

26
0
1
10
1

316
0
3
162
1

652
1
5
107
1

94
0
4
35
1

83
1
1
1
0

94
0
2
21
1

203
1
3
38
1

304
1
2
139
3

53
0
2
17
1

359
0
2
98
0

25
0
3
1
0

9
0
0
0
0

3
0
1
2
0

381
1
6
111
1

287
0
7
35
0

230
0
2
111
1

48
0
2
2
1

234
1
1
108
0

84
0
2
64
0

202
0
2
100
0

2110
0
7
1881
2

349
0
4
45
1

365
0
16
7
1

31
0
2
6
0

27
0
1
18
2

158
1
2
46
0

193
1
3
44
0

85
0
1
74
1

34
0
0
0
0

1731
1
42
109
1

35
0
2
11
0

146
0
4
24
0

1097
0
7
366
1

1
0
0
0
0

124
0
2
41
0

691
0
12
93
2

75
0
3
18
1

65
0
1
27
2

44
0
1
13
2

31
0
1
26
0

239
1
5
67
1

373
0
2
218
1

388
1
1
357
2

28
0
1
23
0

155
0
2
55
0

39
0
1
29
0

213
1
5
77
0

47
0
1
36
1

133
0
3
23
1

470
1
13
166
1

47
0
2
34
0

144
0
1
137
0

91
0
1
62
0

875
1
9
156
1

104
0
2
4
0

232
1
1
186
1

262
1
2
39
1

279
1
6
45
1

195
0
5
42
1

198
0
3
33
1

231
0
6
62
2

11
0
1
3
0

513
0
12
120
1

72
0
1
33
1

37
0
3
1
0

84
1
0
0
0

925
0
0
0
0

488
1
1
455
0

203
0
7
32
1

769
1
7
312
2

299
0
2
76
1

297
0
10
48
2

221
0
2
62
2

434
0
7
116
1

206
0
3
46
0

310
0
8
85
1

139
0
1
42
1

176
1
0
0
0

371
1
7
85
1

384
1
2
208
2

127
0
0
0
1

297
0
3
255
1

13
0
1
2
0

2
0
0
0
0

1033
1
1
995
1

290
1
1
98
0

118
0
6
9
1

145
0
1
115
0

196
0
2
105
0

321
0
7
65
1

614
1
7
64
0

151
0
2
8
0

299
1
6
59
2

301
1
2
83
1

610
0
4
418
1

420
0
8
68
1

18
0
0
0
0

52
0
3
4
0

113
1
2
22
0

1
0
0
0
0

37
0
1
15
0

14
0
1
10
0

293
0
2
100
0

191
1
2
50
0

85
0
1
27
0

298
1
2
78
1

31
0
1
27
0

21
0
3
7
0

113
0
1
2
0

135
0
2
25
0

814
1
1
763
1

10
0
1
6
0

320
0
6
58
0

386
1
3
191
1

62
0
1
29
0

56
1
1
30
1

530
0
7
86
1

288
0
6
63
0

77
0
3
22
0

67
0
2
15
1

72
0
0
0
0

341
0
5
62
1

224
1
1
174
2

280
0
4
19
1

275
1
3
92
1

290
0
2
95
1

26
0
1
20
0

81
0
1
74
0

49
0
1
21
1

118
0
2
66
1

50
0
4
11
0

33
0
1
17
1

285
1
2
100
0

317
0
2
84
0

3
0
0
0
0

149
0
1
36
0

208
1
1
84
0

898
0
0
0
0

193
0
6
2
0

206
0
2
54
1

12
0
1
7
0

45
0
2
8
0

98
0
1
1
1

68
0
2
46
1

297
1
4
54
1

9
0
1
8
1

16
0
1
10
0

15
0
2
3
0

63
0
2
45
0

113
0
5
1
0

292
1
3
122
1

183
0
5
30
0

63
0
1
0
1

72
0
4
17
1

572
1
12
64
1

93
0
2
10
0

37
0
1
5
0

52
0
3
15
1

87
0
1
53
0

201
0
10
51
1

201
1
5
68
0

94
0
1
59
0

207
0
3
64
1

233
0
2
76
1

22
0
1
14
0

25
0
2
7
0

119
1
0
0
0

7
0
0
0
0

322
1
9
106
0

284
0
3
121
1

282
0
7
61
0

330
0
13
46
3

1311
1
3
823
2

198
1
3
53
1

3
0
0
0
0

41
0
1
18
1

490
1
2
47
2

71
0
2
29
1

606
1
2
301
1

1231
0
1
1212
5

35
0
1
29
0

155
0
2
41
0

423
1
3
266
1

63
0
1
53
1

706
0
50
202
1

17
0
1
13
0

35
0
1
11
0

362
0
6
13
1

191
0
1
180
2

15
0
1
9
0

40
0
3
11
0

670
1
2
256
2

359
1
6
136
1

232
0
2
63
1

181
0
2
37
1

165
0
6
79
0

85
0
4
21
0

567
1
2
212
0

61
0
0
0
0

7
0
1
3
0

327
0
12
62
1

267
0
7
41
1

110
1
1
28
0

139
1
1
51
0

146
1
1
57
0

269
1
4
47
1

198
0
1
88
1

256
0
1
3
0

509
1
10
50
3

170
1
1
119
1

37
0
0
0
0

217
0
2
59
1

75
0
1
16
1

31
0
1
1
0

161
0
6
63
1

270
0
20
1
0

178
0
4
73
1

112
0
1
68
1

770
0
4
6
1

67
0
1
60
0

324
0
2
71
2

221
0
2
54
1

103
0
1
74
1

239
0
9
60
1

130
0
4
25
0

284
1
1
224
2

246
0
4
19
0

234
0
2
131
0

104
0
2
4
0

335
1
7
50
1

46
0
2
18
1

770
0
2
157
1

7
0
0
0
0

117
0
4
18
0

196
0
2
1
2

41
0
1
8
0

595
1
6
47
1

307
0
2
153
1

27
0
2
12
1

401
1
2
133
1

33
0
3
13
0

226
0
2
68
0

279
0
1
267
1

208
0
6
29
1

195
1
1
121
1

180
0
6
34
2

488
1
1
80
0

433
0
2
133
1

181
1
1
30
0

70
0
6
5
0

396
1
7
59
1

109
1
1
28
0

377
1
1
339
1

95
0
1
88
0

380
1
1
329
2

38
0
0
0
0

201
0
4
51
0

17
0
1
2
0

27
0
1
22
0

270
1
4
137
1

230
0
3
58
1

365
0
12
98
1

31
0
2
17
1

91
0
1
54
1

67
0
1
60
1

187
0
3
77
1

288
0
1
134
1

65
0
2
21
2

101
0
1
95
0

278
0
8
71
2

280
1
13
43
1

50
0
3
6
2

157
0
4
61
1

457
1
4
89
2

77
1
0
0
0

108
0
1
63
1

200
0
1
86
1

544
1
1
475
1

330
0
7
80
2

243
0
2
67
0

211
1
1
83
1

365
1
2
108
2

33
0
1
10
1

79
0
1
68
0

317
0
5
57
1

240
1
2
73
0

220
0
4
82
1

127
0
4
51
1

72
0
1
46
1

98
0
4
6
0

355
1
11
67
2

14
0
1
8
0

47
0
3
16
0

29
0
1
14
1

235
0
7
93
0

1924
1
25
260
4

2
0
0
0
0

32
0
1
6
2

108
1
1
28
0

274
0
9
38
2

1394
0
11
52
2

16
0
0
0
0

445
0
9
98
2

254
0
1
158
2

458
0
4
142
1

205
0
4
60
1

41
0
1
8
0

47
0
1
40
0

333
0
4
15
1

789
0
1
183
0

9
0
0
0
0

1
0
0
0
0

7
0
0
0
0

84
1
1
59
0

46
0
1
23
3

19
0
1
9
1

382
0
2
137
1

1
0
0
0
0

304
1
4
45
2

57
0
1
48
0

108
0
0
0
0

116
0
2
23
1

852
0
4
650
0

580
1
2
89
2

797
0
11
92
1

488
1
2
278
1

251
0
4
50
1

627
0
6
1
1

244
0
3
59
1

244
1
2
70
1

179
0
1
143
0

259
0
1
243
1

221
0
2
79
0

764
0
18
147
1

302
1
1
227
2

16
0
1
12
0

660
1
10
120
1

82
1
1
0
0

367
0
10
93
1

347
1
5
79
1

2045
1
4
285
2

141
0
1
111
0

231
0
7
22
0

68
1
0
0
0

144
1
1
54
0

243
0
23
8
0

30
0
1
10
1

343
0
5
59
1

9
0
0
0
0

457
0
15
93
1

115
0
1
34
0

596
0
9
62
1

411
0
2
203
1

183
0
6
44
1

431
0
6
150
2

79
0
5
14
2

709
0
23
87
1

24
0
1
22
1

30
0
2
4
0

202
1
1
65
0

26
0
2
12
0

198
0
1
183
0

823
0
2
423
1

2542
1
21
1872
3

1593
1
2
1086
1

198
0
2
69
1

34
0
1
27
0

134
1
1
94
1

418
0
2
263
2

66
0
6
1
1

387
0
2
105
1

82
0
1
74
0

14
0
1
6
2

158
0
1
44
1

66
0
1
10
0

52
0
1
28
2

17
0
1
10
0

295
0
7
77
1

59
0
1
52
0

128
1
1
42
0

131
0
0
0
0

314
1
5
69
1

635
1
9
108
1

81
0
0
0
0

44
0
1
17
1

173
0
2
59
1

222
1
3
115
1

66
0
1
57
0

18
0
0
0
0

273
0
4
54
1

5
0
0
0
0

110
1
1
69
1

455
0
16
58
1

228
0
3
56
1

49
0
1
44
0

407
0
2
121
0

349
1
2
181
3

231
0
4
62
1

249
1
4
42
0

214
1
6
36
1

52
0
1
23
0

9
0
0
0
0

503
1
8
109
1

56
0
2
31
1

464
0
5
153
1

262
0
6
68
1

107
0
2
2
0

133
0
4
32
0

94
0
1
63
0

272
0
1
263
0

240
1
4
45
0

25
0
5
1
0

73
0
3
14
2

2
0
0
0
0

114
0
4
17
1

539
1
6
248
1

336
0
6
60
1

201
0
0
0
0

330
0
5
176
1

141
1
1
23
0

83
0
1
54
1

187
1
1
78
1

103
1
0
0
1

224
1
1
178
1

314
0
3
26
1

69
0
1
27
0

355
1
10
42
1

193
0
4
51
1

1204
1
1
235
1

163
0
4
38
1

107
0
2
45
2

275
0
2
69
0

442
0
9
48
1

10
0
1
5
0

175
0
2
45
1

160
1
1
72
1

44
0
1
10
0

153
0
3
27
1

295
0
4
119
1

50
0
0
0
0

41
0
2
24
0

111
1
0
0
0

313
0
1
304
1

302
0
10
40
1

52
0
2
16
1

47
0
5
9
0

1360
0
3
660
1

217
0
13
1
0

94
1
2
66
0

45
0
1
2
0

193
0
4
11
1

118
0
2
66
1

55
0
2
11
1

226
1
2
37
0

105
1
1
75
1

215
1
3
42
1

234
0
15
2
0

108
0
2
28
0

176
0
15
1
2

59
0
1
0
0

99
0
1
70
1

128
0
10
8
2

170
1
3
45
0

66
1
1
20
2

273
1
5
51
1

69
0
2
11
1

19
0
1
12
0

99
0
2
41
0

40
0
1
21
3

154
0
1
55
2

316
1
1
266
1

37
0
0
0
0

121
0
1
19
0

46
0
0
0
0

457
0
9
112
1

231
0
3
66
1

185
0
2
60
2

159
0
1
152
1

249
1
5
50
1

279
0
3
74
0

114
0
2
8
1

62
0
1
6
0

224
0
3
20
0

272
0
4
69
1

52
0
3
14
1

113
0
5
1
0

82
0
1
76
0

278
0
0
0
1

6
0
0
0
0

181
0
1
168
1

14
0
0
0
0

602
0
2
383
1

214
0
2
101
1

40
0
1
15
0

93
0
2
32
0

561
0
6
170
1

94
0
2
12
2

412
1
7
88
1

86
0
1
51
1

48
0
1
32
0

129
0
1
120
0

261
1
1
141
1

54
0
3
14
2

252
1
4
42
0

54
0
1
47
1

90
1
0
0
0

144
0
2
41
0

494
0
18
60
1

194
0
4
17
1

442
1
2
162
2

604
1
5
199
1

130
0
1
85
0

67
0
1
1
1

45
0
1
36
0

185
1
4
39
0

327
0
3
8
2

407
1
1
365
3

14
0
2
6
0

45
0
0
0
0

276
0
2
109
0

271
0
1
207
2

181
0
2
45
0

909
1
4
661
1

23
0
1
13
2

389
1
6
102
1

87
1
0
0
0

61
0
1
29
0

17
0
1
10
0

56
0
1
22
1

186
0
9
18
0

136
1
1
97
1

19
0
2
4
0

1
0
0
0
0

1072
1
2
549
2

42
0
1
1
0

376
0
4
162
0

189
0
3
23
0

982
0
2
609
1

225
1
2
69
1

45
0
2
30
0

220
0
5
106
2

165
0
3
22
1

181
1
7
29
1

484
1
1
24
2

12
0
2
4
0

269
0
6
75
1

381
1
6
189
2

327
0
7
90
1

54
1
0
0
0

55
0
0
0
0

295
1
6
84
1

1
0
0
0
0

61
0
1
60
2

116
1
0
0
0

169
1
2
39
0

187
0
2
61
1

74
0
1
67
0

31
0
1
23
0

41
0
1
14
0

621
0
1
225
1

53
0
2
5
0

456
1
13
81
1

233
1
4
51
0

215
0
1
46
1

220
1
1
96
1

229
0
2
6
2

188
0
5
1
0

160
1
1
58
0

112
0
1
94
1

449
1
2
182
1

160
1
2
32
0

405
0
2
32
1

61
0
1
51
0

178
0
4
32
1

112
0
1
102
0

197
1
1
28
0

222
1
2
55
0

128
0
0
0
1

408
1
1
178
1

175
0
1
168
0

171
0
1
30
0

307
0
1
288
2

602
0
7
178
1

66
0
1
59
0

175
0
1
43
0

549
1
29
28
1

174
0
4
35
1

262
0
5
70
1

1479
0
50
88
1

685
1
2
213
1

58
0
1
48
1

128
0
2
17
0

167
1
3
24
1

60
0
2
14
0

50
0
1
29
0

304
0
8
62
1

459
0
10
218
1

204
0
2
88
1

224
0
6
73
3

228
0
2
49
0

39
0
1
31
0

382
0
8
55
2

268
0
3
133
1

86
1
2
18
0

86
0
1
73
1

76
0
1
69
0

475
0
10
109
2

30
0
2
10
0

220
0
3
86
0

140
0
1
85
1

184
0
1
44
0

7
0
0
0
0

217
1
5
29
1

291
1
1
77
0

53
0
2
37
0

43
0
1
13
0

252
0
8
49
1

129
0
1
32
0

545
1
2
162
0

31
0
1
24
0

1982
1
18
126
2

77
0
2
33
1

114
0
5
31
1

193
0
5
35
2

88
0
2
55
1

490
1
3
300
2

20
0
1
14
0

270
1
3
140
1

15
0
2
3
0

297
0
2
108
0

40
0
2
23
0

123
0
1
93
0

198
1
2
73
1

470
0
2
371
2

278
0
8
41
1

236
0
3
68
1

279
0
2
104
0

310
0
7
60
1

525
0
2
296
1

1089
1
15
193
2

27
0
1
20
1

128
1
1
42
0

209
1
1
79
1

69
0
2
1
0

137
0
1
44
0

52
0
1
34
0

891
1
10
117
2

131
0
3
32
0

110
1
0
0
0

1016
1
4
452
2

38
0
2
10
0

34
0
2
17
1

198
1
3
54
1

403
1
2
138
1

39
1
1
1
0

31
0
1
1
0

88
0
2
21
0

746
1
3
661
2

95
0
1
83
0

181
1
1
72
0

412
0
5
112
2

137
0
2
118
1

382
0
10
119
1

158
0
2
54
1

176
1
1
123
2

170
0
1
45
1

134
1
1
90
0

230
0
3
93
0

85
0
1
39
1

82
1
1
66
1

2253
1
9
147
2

5
0
1
1
0

21
0
1
9
1

245
0
2
76
0

300
1
1
81
0

909
0
16
193
1

133
0
5
26
0

20
0
2
5
0

312
1
1
166
1

29
0
0
0
0

161
0
3
30
0

114
1
2
83
2

170
0
1
18
0

72
0
0
0
0

288
1
1
248
1

569
0
0
0
0

30
0
2
10
0

366
1
1
321
2

17
0
1
10
2

79
0
2
50
1

442
1
9
151
1

587
1
8
201
2

1062
1
4
333
1

373
0
2
71
0

16
0
1
10
0

461
1
1
419
1

181
0
1
172
1

84
0
1
77
1

41
0
1
36
0

289
0
2
83
0

271
0
2
96
0

296
0
8
192
0

652
0
4
116
1

57
0
1
32
1

566
1
2
327
1

28
0
1
19
2

74
0
1
47
1

220
1
2
82
0

22
0
2
9
2

119
1
0
0
0

538
0
2
98
1

1
0
0
0
0

107
0
5
27
0

73
0
1
66
0

55
0
1
49
1

17
0
1
13
0

198
0
8
81
2

199
1
2
93
2

229
0
0
0
0

26
0
1
1
0

8
0
0
0
0

448
1
4
86
1

418
0
3
39
1

121
0
0
0
0

195
1
2
62
0

23
0
2
6
0

25
0
2
4
0

398
0
13
32
1

23
0
1
17
0

350
0
1
165
1

67
0
3
1
0

10
0
1
6
0

340
1
6
45
1

99
1
1
69
0

11
0
1
3
0

36
0
1
10
1

176
0
7
73
1

86
0
1
79
0

20
0
1
1
0

20
0
0
0
0

60
0
1
1
1

69
1
0
0
1

52
0
2
14
1

380
1
8
79
2

67
0
4
12
2

161
1
0
0
0

84
0
3
10
1

275
0
2
119
1

18
0
1
13
0

685
0
1
676
0

582
1
3
283
1

359
1
7
81
1

135
0
2
28
0

290
0
8
19
2

41
0
6
1
0

52
0
0
0
1

418
1
2
178
1

438
0
2
141
1

154
0
6
17
1

84
0
1
77
0

257
0
1
80
0

202
1
3
83
1

633
1
4
45
1

110
0
4
30
0

27
0
1
3
0

1
0
0
0
0

109
1
1
0
0

17
0
0
0
0

114
1
2
54
1

259
1
2
88
1

223
1
3
44
0

9
0
1
5
0

62
0
1
54
0

99
1
0
0
0

246
0
12
5
1

204
0
3
50
1

48
1
1
23
1

80
0
2
33
1

1346
1
5
782
1

290
0
6
47
0

397
0
2
248
1

107
0
3
6
1

7633
0
73
101
0

255
1
2
148
0

981
0
8
84
1

50
0
1
24
1

39
0
1
5
0

122
0
8
8
1

158
0
4
1
1

274
0
12
28
0

943
1
17
157
3

264
0
7
44
1

61
0
3
1
0

236
0
3
139
1

11
0
0
0
0

444
1
3
204
1

153
0
2
40
1

151
0
1
139
1

522
0
5
204
1

63
0
2
26
0

66
0
3
26
2

3
0
0
0
0

21
0
1
14
0

75
0
4
12
0

87
0
1
69
0

134
1
4
11
0

13
0
1
7
0

4
0
0
0
0

98
1
1
16
0

178
1
4
43
1

100
0
1
70
0

139
1
1
105
1

806
1
16
233
2

296
0
2
91
1

162
0
1
44
0

456
0
2
193
1

234
1
3
59
1

5
0
0
0
0

281
0
2
146
1

55
0
2
20
0

553
0
5
204
1

294
0
5
61
0

227
1
3
24
1

80
0
1
2
0

197
1
1
61
0

392
1
2
233
1

216
1
4
60
0

271
0
6
66
1

550
1
7
62
1

29
0
1
23
0

467
1
1
407
1

117
0
4
40
2

17
0
1
6
0

346
1
4
89
1

157
0
4
18
1

247
1
2
82
1

83
0
1
17
0

416
1
4
108
1

400
1
3
177
1

75
0
2
57
0

48
0
2
14
0

34
0
0
0
1

596
0
0
0
0

39
0
1
15
0

181
0
5
47
1

228
1
4
106
1

442
1
13
83
0

152
1
3
27
1

301
0
3
129
1

284
1
1
197
2

410
1
6
151
0

148
0
6
60
0

81
0
1
68
1

11
0
0
0
0

919
0
9
95
0

522
1
27
2
0

620
1
4
407
1

49
0
2
22
0

150
0
2
23
1

297
0
7
78
1

182
0
1
79
0

32
0
1
13
1

24
0
2
4
0

393
1
4
164
2

41
0
1
18
2

168
0
5
49
0

81
0
4
16
0

379
0
7
136
0

52
0
1
29
1

39
0
2
7
1

284
0
5
71
1

100
1
3
6
0

359
1
2
114
1

6
0
1
2
0

246
0
1
228
0

161
1
1
51
1

8
0
1
1
0

80
0
2
28
1

429
0
5
142
0

33
0
2
10
0

13
0
0
0
0

151
0
7
26
0

36
1
1
26
0

450
0
8
80
1

41
0
2
18
0

15
0
1
11
0

21
0
1
14
0

85
0
1
0
0

254
1
1
74
0

452
0
5
171
0

228
0
2
87
1

452
0
2
252
1

1
0
0
0
0

113
0
4
2
1

246
0
2
88
2

105
0
3
21
0

124
0
2
21
0

14
0
1
10
0

352
0
1
339
0

51
0
5
2
0

137
1
5
4
0

51
0
1
13
0

194
1
1
75
1

158
0
1
129
1

292
0
15
28
2

257
0
1
90
1

246
0
3
60
1

2439
0
5
95
1

373
1
1
66
0

196
1
2
70
1

284
0
2
4
3

90
0
1
53
1

255
1
2
103
2

57
0
1
51
0

162
0
2
60
0

202
0
2
128
1

382
0
10
102
1

40
0
1
18
0

90
1
1
1
0

323
1
0
0
0

166
0
2
62
0

14
0
1
3
0

67
1
1
52
0

1587
1
1
1426
2

23
0
1
14
1

3
0
1
2
0

115
0
1
102
1

122
0
1
106
0

436
1
7
71
2

254
0
3
36
1

141
1
1
110
0

42
0
1
10
0

447
1
1
394
1

679
1
4
268
1

283
0
2
64
1

194
0
3
69
1

39
0
2
21
0

346
0
1
325
1

277
0
2
81
1

81
0
3
30
3

390
0
8
86
1

224
0
2
61
0

384
0
7
97
1

63
0
2
12
1

94
0
6
15
0

218
0
1
205
2

31
0
1
24
1

100
1
0
0
0

534
0
20
120
2

55
0
1
33
0

1237
0
45
70
1

335
0
2
282
0

344
0
5
156
1

899
0
5
121
1

269
1
2
132
1

180
0
7
72
1

177
0
1
63
0

143
0
2
25
0

337
1
1
271
1

262
0
5
52
1

78
1
1
70
0

98
0
1
68
1

29
0
1
25
0

78
0
3
4
1

106
0
1
73
1

220
0
5
41
0

311
0
7
60
1

38
0
1
14
1

479
1
4
152
1

44
0
2
19
0

94
1
0
0
0

16
0
1
10
0

521
0
36
5
1

60
0
2
14
0

38
0
2
8
1

172
1
0
0
0

697
0
2
636
0

351
0
4
158
0

135
1
0
0
0

379
0
2
168
1

390
0
4
131
0

369
1
2
96
1

34
0
1
26
0

309
0
3
258
1

16
0
1
10
0

214
0
3
14
0

12
0
1
6
0

282
1
2
125
1

97
1
4
16
1

307
1
9
110
1

134
0
2
28
0

433
1
1
387
1

318
1
2
98
1

1
0
0
0
0

33
0
1
6
0

23
0
0
0
0

196
0
5
28
1

720
1
7
197
2

71
0
0
0
0

303
0
2
118
0

60
0
3
10
0

126
0
4
53
0

46
0
2
28
0

123
0
6
16
1

76
0
1
71
0

330
0
2
204
0

52
0
2
6
1

86
1
4
10
1

219
0
3
67
0

112
0
1
85
0

870
0
22
20
1

52
0
1
28
0

228
0
2
79
0

17
0
1
8
0

211
0
3
36
0

109
0
1
61
1

184
0
3
42
0

98
0
1
69
2

38
0
1
31
0

181
0
5
33
0

243
1
2
56
1

98
0
6
6
2

325
0
5
43
2

386
0
6
86
2

108
1
1
28
0

355
1
2
115
1

178
0
2
6
0

15
0
1
10
0

10
0
1
5
0

59
0
6
2
0

225
0
2
149
1

131
0
3
8
3

153
0
0
0
0

289
0
3
127
1

313
1
6
66
1

46
0
2
15
2

232
1
2
59
1

14
0
0
0
0

24
0
3
6
0

35
0
2
13
0

632
0
8
117
1

43
0
0
0
1

289
0
2
94
0

245
1
1
108
0

141
0
3
47
1

130
0
1
20
0

603
1
16
86
1

53
0
3
15
0

353
0
7
110
1

440
0
4
17
2

904
1
3
51
1

11
0
2
1
0

123
0
2
55
1

368
0
10
83
1

29
0
1
25
0

1
0
0
0
0

31
0
2
7
1

237
1
3
48
1

128
1
1
36
0

179
0
2
58
0

198
1
1
60
1

201
0
1
52
0

338
1
1
219
1

414
0
2
281
0

448
0
11
63
1

223
0
1
211
0

453
0
4
338
2

103
0
3
11
0

131
0
1
48
1

330
1
2
91
1

104
0
2
48
0

229
0
6
76
2

275
1
2
117
1

118
0
2
5
2

528
1
1
489
1

304
0
5
51
1

110
1
1
28
0

51
0
2
16
0

591
1
10
77
1

376
0
5
90
1

410
0
6
131
1

65
0
4
11
0

18
0
1
14
0

57
0
1
49
1

516
0
8
276
3

276
1
6
45
1

377
1
2
134
1

496
1
11
50
1

519
0
3
487
1

16
0
1
13
0

7
0
0
0
0

70
1
0
0
0

152
0
3
46
0

140
0
3
35
0

188
0
2
54
0

55
0
2
32
0

215
0
3
78
1

60
1
1
24
0

29
0
2
13
0

173
0
1
19
0

627
0
10
50
2

197
0
4
41
0

26
0
1
22
1

60
0
1
55
0

20
0
1
14
0

225
0
0
0
0

320
0
6
85
2

253
1
4
84
1

121
0
3
26
0

44
0
2
7
0

106
0
2
21
1

187
1
4
35
1

45
0
2
11
1

1
0
0
0
0

63
0
1
55
0

217
0
3
32
0

189
0
2
1
1

367
1
3
113
2

183
1
0
0
0

205
0
3
49
0

85
0
4
10
1

8
0
1
7
0

147
1
1
56
0

63
0
1
23
0

113
0
5
1
0

197
0
1
182
1

294
1
2
128
3

47
0
1
43
0

75
0
1
55
0

249
0
3
60
1

415
1
9
95
2

201
0
2
86
1

51
0
1
1
0

319
1
4
123
2

140
1
1
57
0

117
0
1
110
1

53
0
1
1
0

102
0
1
72
1

216
0
1
193
1

462
1
8
86
1

86
0
5
16
0

86
0
1
79
1

28
0
1
20
0

327
1
3
98
1

71
0
1
44
0

195
0
2
109
2

101
0
1
92
0

19
0
1
15
0

453
1
9
61
1

154
1
0
0
0

386
0
8
135
1

67
0
1
1
1

26
0
1
19
0

32
0
1
23
1

46
0
1
1
0

34
0
1
11
2

3651
1
6
1
2

39
0
1
31
0

165
0
1
154
0

17
0
1
13
0

256
0
3
62
1

186
0
1
164
2

166
0
1
47
0

280
1
8
88
0

246
1
2
104
1

168
0
3
38
1

153
1
1
49
1

632
0
5
102
1

163
1
4
49
0

390
1
6
113
1

13
0
0
0
0

37
0
1
10
0

139
1
1
112
0

1
0
0
0
0

118
1
0
0
0

208
0
0
0
0

310
0
54
2
0

514
1
3
276
0

48
0
0
0
0

11
0
0
0
0

498
1
12
69
1

499
1
3
344
1

677
1
11
83
2

72
0
1
63
0

71
0
7
6
0

522
1
2
258
2

19
0
1
12
0

240
1
5
62
1

593
0
2
323
1

315
0
3
110
1

588
1
2
299
1

182
0
2
62
1

175
0
2
32
0

206
0
2
36
0

244
0
2
109
1

5
0
0
0
0

1
0
0
0
0

155
0
1
38
0

235
1
1
70
0

16
0
1
12
0

696
0
2
413
1

309
0
3
23
0

341
1
2
176
1

86
0
1
50
2

26
0
2
10
0

970
1
17
170
1

134
0
5
20
2

303
1
1
270
1

68
0
1
53
2

58
0
2
14
2

367
0
11
75
3

35
0
1
20
3

454
0
11
99
1

301
0
5
36
1

369
1
3
181
1

226
0
3
36
0

44
0
3
9
0

489
1
4
178
1

190
0
10
22
0

69
0
1
1
1

55
0
1
29
0

83
0
2
41
2

125
0
3
4
1

193
0
1
181
1

116
1
0
0
1

15
0
1
12
2

92
0
6
3
0

342
0
4
134
1

209
0
7
7
0

150
0
10
13
2

260
0
2
203
0

102
0
1
93
0

315
0
8
93
1

102
0
2
23
2

48
0
2
25
1

140
0
1
124
1

388
1
6
101
2

70
0
4
14
1

250
0
2
82
0

518
0
2
26
1

30
0
1
24
1

167
1
3
21
1

1996
0
8
4
2

225
0
3
49
0

292
1
1
199
1

34
0
2
11
1

81
0
1
64
0

349
0
6
120
1

24
0
2
3
0

272
0
3
80
1

361
0
2
178
1

373
0
2
196
2

277
1
1
134
1

5
0
0
0
0

33
0
1
9
1

206
0
3
43
1

8
0
0
0
0

103
0
1
73
0

397
0
6
233
2

103
1
0
0
0

123
0
2
26
0

91
0
1
85
0

64
0
1
55
1

279
0
9
34
1

607
0
1
244
1

244
0
3
60
1

155
0
3
31
0

97
0
1
85
0

215
0
10
35
2

52
0
1
12
0

107
1
2
16
0

142
0
2
7
1

230
1
2
34
1

183
0
3
37
0

55
0
1
49
0

211
0
3
46
0

433
0
4
29
0

196
1
2
91
0

252
1
2
75
0

792
1
18
273
1

21
0
1
5
0

790
1
19
144
2

537
1
2
306
1

379
1
2
318
1

645
1
6
95
1

474
0
5
175
0

427
0
8
118
1

38
0
1
32
0

591
1
20
218
1

118
0
0
0
1

21
0
1
15
0

234
1
4
49
0

331
0
8
82
2

62
0
3
16
2

553
0
1
534
2

88
0
1
62
0

400
0
5
82
2

1
0
0
0
0

53
0
2
15
1

101
0
0
0
0

24
0
2
10
0

189
0
3
9
1

138
0
2
98
1

336
1
2
161
1

67
0
1
11
0

386
0
1
352
2

55
0
2
22
0

121
0
4
40
0

85
0
0
0
0

946
0
2
682
1

27
0
2
10
0

5
0
0
0
0

438
0
5
377
4

175
1
1
29
0

601
1
11
237
2

173
0
1
163
0

169
1
1
48
1

54
0
3
1
0

230
0
3
66
1

169
1
1
51
1

86
0
1
60
0

633
0
12
17
1

207
1
1
159
1

110
1
1
28
0

162
0
3
49
0

222
0
5
34
1

404
0
2
232
1

312
0
5
78
0

389
1
7
61
1

123
0
1
73
1

348
0
4
78
1

262
0
5
52
1

590
1
15
76
1

482
1
6
63
1

442
0
6
87
1

275
0
2
111
0

306
1
5
67
1

329
0
0
0
0

33
0
1
24
0

63
1
1
1
0

84
0
2
37
0

30
0
1
11
0

218
1
6
33
1

38
0
1
13
0

248
1
8
36
2

275
1
4
45
0

20
0
1
13
0

487
1
14
94
2

447
1
2
271
1

40
0
1
11
2

241
1
6
36
1

250
0
6
64
1

374
1
11
58
2

142
0
5
9
1

296
1
4
191
1

119
1
2
16
0

57
0
2
2
0

164
1
4
20
0

212
0
7
51
1

411
1
1
279
2

70
0
2
56
1

20
0
1
8
2

35
0
1
12
0

247
1
6
40
1

84
1
0
0
0

73
0
1
1
0

180
0
13
12
2

127
0
1
19
0

62
0
1
57
0

337
1
3
88
1

144
0
9
24
1

14
0
0
0
0

147
0
1
46
0

422
0
9
95
2

12
0
1
5
0

311
1
6
114
0

90
0
3
21
0

67
0
1
56
0

106
0
1
27
0

322
1
1
274
1

405
1
6
82
1

264
0
4
67
0

167
0
2
42
1

18
0
1
6
0

227
0
5
52
1

64
1
1
39
1

343
1
3
93
1

101
0
1
26
0

524
1
2
193
1

77
0
3
14
2

128
0
2
28
1

238
1
1
23
1

7
0
0
0
0

214
1
2
86
1

151
0
1
142
1

1
0
0
0
0

154
1
1
26
0

418
1
10
85
1

717
0
13
30
1

247
0
9
41
2

199
0
3
39
0

273
0
4
49
0

727
0
11
151
1

67
0
1
60
0

756
1
39
14
1

78
1
1
52
0

134
0
1
82
1

37
0
1
16
2

698
0
11
181
1

141
1
2
29
2

25
0
1
13
1

325
0
1
129
1

501
0
8
121
2

212
0
5
48
1

7
0
0
0
0

108
0
4
24
1

151
1
0
0
0

582
1
2
239
3

477
0
11
93
2

284
0
9
64
1

418
0
1
402
2

110
1
1
28
0

313
0
2
136
1

318
1
2
110
0

179
1
6
48
2

66
1
4
6
0

90
0
1
75
1

35
0
1
28
0

3
0
0
0
0

70
1
1
0
0

386
0
5
67
1

214
0
5
52
1

90
0
0
0
1

127
0
1
122
0

1103
1
15
72
2

32
0
2
7
0

33
0
2
10
0

356
0
32
2
0

107
0
2
24
0

334
1
3
126
1

33
0
4
11
0

81
0
1
44
0

428
1
3
129
1

526
0
3
402
1

240
0
1
233
0

206
0
10
30
2

15
0
1
10
0

317
0
5
72
0

11
0
1
6
0

780
1
20
140
2

199
1
4
43
1

178
0
2
43
1

182
1
1
67
1

119
0
16
6
0

19
0
1
13
1

209
0
2
69
1

352
1
1
166
1

27
0
1
17
0

381
1
9
89
1

15
0
1
9
0

84
0
1
76
0

171
1
2
78
2

81
0
1
52
1

29
0
1
11
1

341
0
8
55
1

10
0
1
7
0

116
0
2
25
0

390
0
11
65
1

17
0
1
8
0

203
0
3
67
1

27
0
2
13
0

257
0
8
75
2

23
0
2
8
0

375
1
4
58
0

627
0
16
137
1

45
1
1
0
0

75
0
1
69
0

230
1
1
181
1

1078
1
36
631
1

151
0
1
61
0

114
0
6
13
0

278
1
3
59
1

175
1
1
132
1

10
0
0
0
0

97
0
13
7
0

50
0
1
31
0

208
0
1
172
1

410
0
3
21
1

212
0
4
26
0

301
0
2
14
1

754
1
12
78
2

575
0
13
105
1

283
1
7
47
2

319
1
2
137
1

204
0
3
61
0

162
1
1
94
1

28
0
2
1
0

64
0
1
26
0

31
0
2
10
0

24
0
1
16
0

475
1
6
178
1

112
0
2
61
0

63
0
1
36
1

97
0
5
24
1

607
1
5
47
1

200
0
2
8
0

32
0
2
23
0

176
0
2
50
2

664
0
8
155
1

80
0
1
53
0

29
0
1
1
0

3
0
0
0
0

77
0
2
52
1

470
1
5
119
1

25
0
3
5
0

471
0
11
56
1

119
0
1
32
0

32
0
2
11
1

162
1
1
70
1

99
0
1
72
0

491
0
2
330
1

47
0
1
18
0

672
1
3
283
2

68
1
0
0
0

195
0
1
24
0

351
0
2
134
1

59
0
2
45
0

1530
1
8
257
2

7
0
0
0
0

795
0
8
120
1

122
0
3
17
1

341
1
2
169
1

472
1
2
164
1

37
0
1
27
0

1242
1
10
330
1

277
1
2
61
1

315
0
6
57
1

251
1
5
41
1

173
0
2
83
1

266
1
5
50
1

614
1
2
252
1

103
0
1
75
1

380
1
8
173
0

268
1
6
76
0

14
0
1
9
0

678
1
1
626
2

309
0
0
0
0

127
0
2
34
1

389
0
2
213
1

80
0
1
47
1

581
1
1
94
0

108
0
1
95
1

64
0
1
1
0

88
0
0
0
0

500
1
5
247
1

540
0
12
245
1

36
0
2
3
0

517
1
1
77
0

136
0
1
56
1

59
0
2
43
0

494
0
5
122
1

109
0
5
14
1

29
1
2
13
2

60
0
1
33
0

35
0
2
14
0

16
0
1
14
2

127
1
0
0
0

27
0
1
5
0

305
1
5
57
0

79
0
1
45
0

489
0
6
162
2

883
1
11
182
1

294
0
7
30
0

209
0
2
62
0

230
1
2
46
1

25
0
2
8
1

68
0
1
61
0

163
1
2
71
1

56
0
1
39
1

512
0
14
97
1

70
0
1
18
2

108
0
1
26
0

2375
1
15
32
1

49
0
4
14
1

9
0
1
5
0

226
0
10
45
2

1
0
0
0
0

