101
141
112
101
2
96
87
70
87
70
87
70
87
70
91
70
87
70
87
70
87
70
90
83
87
70
87
83
87
70
92
70
87
70
87
70
90
70
135
91
70
95
70
87
70
87
83
87
70
93
70
87
70
87
70
87
70
90
70
100
83
87
70
87
70
87
83
87
70
87
70
87
83
87
70
87
70
87
70
87
70
87
70
87
83
87
70
87
83
87
70
87
70
91
70
90
70
100
83
87
70
90
70
87
70
91
70
90
70
87
70
70
70
87
83
87
70
90
83
87
70
91
70
87
70
98
70
90
70
87
70
87
70
92
70
90
70
91
70
91
70
87
70
87
83
87
70
107
98
87
132
220
123
2
123
216
145
95
101
90
91
208
2
302
99
159
143
2
136
106
87
142
124
220
113
127
74
91
191
135
2
90
194
2
2
123
165
2
2
155
190
2
111
135
74
141
105
153
304
237
129
2
161
207
2
257
106
124
190
115
70
106
108
126
190
196
2
99
2
117
125
146
70
103
171
145
175
70
127
2
141
101
70
97
268
161
211
115
98
108
113
70
2
118
148
142
113
118
133
122
70
104
113
122
2
147
100
70
128
96
96
94
95
99
97
96
95
116
96
102
106
70
145
70
141
132
145
98
182
115
100
110
182
70
111
99
93
106
2
99
70
2
116
115
114
98
167
134
134
126
102
117
2
141
121
111
103
116
120
2
103
104
169
106
70
197
123
145
103
105
139
108
103
131
153
175
184
102
150
2
134
166
159
2
2
140
2
2
2
104
132
70
124
102
114
121
109
138
102
137
130
109
107
116
70
109
109
70
139
111
121
2
2
104
211
2
104
2
200
234
248
122
102
2
2
2
117
123
156
87
99
119
152
133
144
2
2
105
110
70
2
123
112
2
70
2
113
103
99
102
2
2
134
114
2
2
140
2
2
202
84
127
131
108
70
113
124
124
105
110
108
111
95
91
143
131
100
90
115
116
2
125
94
94
184
158
193
179
93
147
112
133
111
121
107
131
127
104
102
105
2
90
2
104
155
102
70
103
70
148
70
105
108
99
173
121
90
109
103
99
90
103
126
70
112
122
70
101
101
70
105
98
92
90
70
112
103
141
101
153
2
259
160
106
2
70
140
111
152
129
119
113
118
70
103
137
2
2
131
108
98
70
122
70
120
118
93
106
107
70
102
114
74
115
173
131
110
106
114
70
130
114
143
109
103
110
131
99
122
93
135
2
70
70
103
122
2
87
136
137
156
123
103
122
126
131
125
123
145
204
2
122
147
87
107
206
129
106
130
99
70
150
101
119
122
110
107
2
115
110
130
87
93
128
112
105
117
165
108
123
70
149
142
147
184
70
119
74
141
165
91
107
115
117
132
134
134
107
99
90
70
127
99
125
90
106
113
123
103
70
117
70
117
125
110
99
114
145
70
70
101
102
110
122
109
128
99
87
108
99
99
94
110
104
99
109
97
90
122
121
70
110
70
70
100
108
70
112
109
127
156
122
121
142
108
101
209
139
207
108
131
130
168
70
111
120
227
114
108
108
111
70
105
105
108
105
101
147
105
111
128
125
132
70
123
145
199
160
108
120
90
148
147
70
114
118
2
103
142
70
137
2
105
117
90
103
92
116
107
100
114
70
114
142
106
208
137
97
114
114
222
102
238
183
107
70
117
2
267
70
118
187
113
102
111
147
174
96
2
70
98
2
99
154
90
106
70
125
116
182
126
176
137
100
2
108
125
113
154
2
70
91
128
93
108
143
166
126
166
158
138
99
351
112
142
182
91
103
111
119
110
145
84
95
106
121
104
100
137
93
90
116
2
125
159
91
112
2
100
87
129
117
84
107
140
195
2
159
147
485
113
98
123
167
108
107
108
70
2
100
90
102
121
138
148
100
100
146
105
70
98
164
70
98
177
70
160
31
70
144
70
105
439
70
170
118
130
70
70
102
70
112
70
70
118
143
70
122
120
187
70
102
110
171
164
70
128
568
70
130
115
155
497
70
2
457
70
131
154
135
123
182
151
114
70
102
135
170
117
114
115
128
118
115
122
174
70
103
154
100
115
343
108
161
152
184
126
131
143
112
125
70
103
115
104
275
180
222
129
191
108
132
142
200
114
155
106
113
107
146
121
107
2
142
107
100
175
164
110
132
108
118
117
111
120
106
111
123
123
134
70
129
108
119
146
116
110
129
2
133
105
128
131
99
118
121
152
111
116
123
116
115
114
117
180
108
109
107
118
114
131
118
122
116
124
105
121
101
118
122
116
115
109
104
119
101
116
102
116
70
115
105
100
70
128
104
105
115
338
141
156
101
107
102
108
70
102
105
108
70
97
178
70
115
304
70
108
102
116
350
70
103
102
70
222
70
119
359
70
113
126
129
228
70
129
115
70
123
126
70
110
70
70
97
151
113
105
1693
70
332
113
120
108
130
310
123
70
2
127
100
134
70
114
112
130
132
232
260
70
124
113
70
112
122
70
99
106
213
70
105
102
102
220
70
140
137
70
108
197
70
108
330
113
106
70
114
70
108
109
222
371
242
117
70
129
107
125
215
152
146
271
120
418
70
112
124
121
155
111
70
102
140
70
114
165
70
103
98
212
276
273
70
461
110
197
126
136
322
434
70
447
124
180
70
118
112
185
70
137
98
120
145
172
70
110
455
70
141
165
70
117
122
218
70
111
116
147
70
102
247
70
174
105
70
97
1955
70
140
341
152
132
116
70
157
142
167
158
113
172
158
133
197
201
140
110
142
117
208
118
137
161
144
70
103
213
70
127
362
70
70
103
70
101
70
87
111
111
70
99
70
70
104
70
102
70
103
103
70
70
70
70
70
70
70
70
102
102
70
103
102
102
70
70
99
70
98
70
70
105
108
70
70
105
108
170
70
121
87
114
70
70
111
70
117
165
219
124
281
126
276
70
126
147
111
159
109
126
131
70
70
74
134
2
139
70
99
102
115
143
70
99
153
217
70
155
145
136
241
70
112
211
70
122
70
189
70
125
2
70
175
157
235
146
70
115
70
237
125
159
70
121
70
70
119
70
125
139
159
160
248
111
147
70
310
70
131
201
70
109
116
70
121
70
102
213
70
70
70
70
70
102
126
136
70
100
113
176
2
114
99
70
108
102
138
127
70
269
70
156
246
70
109
127
70
127
142
70
70
99
70
99
70
99
70
70
70
93
105
205
236
70
109
111
111
135
219
70
70
100
100
102
90
100
101
100
100
182
149
107
127
105
132
130
412
70
116
124
70
102
156
70
2
139
70
106
70
97
411
70
105
102
120
152
151
127
70
125
115
87
105
133
285
70
117
70
97
104
70
127
70
121
70
113
102
70
70
70
70
87
70
114
411
70
101
146
114
105
167
104
107
100
70
100
70
100
106
70
99
97
70
70
111
70
70
70
70
70
194
70
106
70
104
103
107
106
103
103
262
105
128
70
109
159
70
165
188
104
103
148
127
145
70
107
102
128
270
70
153
70
70
102
102
70
70
102
70
102
264
70
105
220
70
112
204
115
70
128
123
70
107
336
70
114
120
87
136
123
141
109
116
219
70
154
289
70
134
101
114
180
70
116
123
148
70
70
112
102
98
125
146
70
112
126
70
116
179
70
107
70
105
123
234
70
104
102
98
104
70
70
102
105
109
116
90
70
89
89
70
70
126
70
102
70
99
98
123
70
111
121
323
70
450
100
135
70
112
452
70
102
114
138
121
70
106
142
70
125
2
70
2
121
181
70
224
70
104
157
70
112
189
70
184
194
70
137
155
70
100
122
107
70
104
101
70
103
150
157
268
87
2
117
70
70
70
99
235
152
87
70
102
100
295
70
177
102
158
130
70
591
70
228
160
142
70
122
70
132
121
132
263
70
123
87
144
70
110
102
286
70
2
101
102
102
119
70
101
145
172
99
99
70
111
70
70
102
111
70
70
70
99
70
70
70
70
105
70
70
105
105
70
105
105
105
70
70
70
102
70
70
102
102
70
70
102
70
70
70
102
102
102
70
70
102
102
102
70
70
105
105
70
105
103
70
98
70
105
70
105
105
103
70
70
102
105
101
621
104
70
102
102
102
425
70
154
70
107
102
70
106
70
105
70
105
146
70
70
83
70
101
70
101
101
101
165
102
70
102
102
70
102
102
102
328
101
70
101
101
101
101
70
109
70
270
160
101
101
101
70
101
101
101
101
101
105
385
70
102
102
70
102
102
2
70
70
101
101
101
101
70
101
101
101
101
70
102
101
70
105
70
102
106
102
70
101
70
102
70
110
70
70
101
101
101
101
70
101
101
101
101
70
102
101
102
101
101
241
70
114
124
70
162
344
70
141
181
70
98
550
70
104
122
102
108
114
70
111
70
98
205
70
212
276
70
102
102
193
115
70
112
70
108
211
70
126
180
70
122
152
70
102
129
161
70
105
70
99
104
70
99
101
101
103
70
132
88
449
70
108
111
110
115
364
70
147
102
132
98
70
181
70
133
144
102
102
189
166
107
149
145
105
113
202
70
106
224
70
100
2
70
121
120
70
105
127
200
262
70
117
134
144
116
92
104
172
178
103
140
70
98
87
99
130
70
98
618
122
70
463
124
112
310
431
70
160
112
70
113
70
109
114
70
99
118
392
70
115
196
106
142
111
369
70
157
2
70
138
209
102
70
107
102
221
70
112
169
70
107
111
169
70
114
97
97
90
758
70
111
114
104
159
70
116
102
129
93
106
106
99
156
105
110
110
333
102
102
70
102
150
90
118
102
111
102
87
102
102
70
70
70
70
110
102
70
105
117
99
102
198
70
126
108
70
104
290
70
130
70
70
98
115
70
105
138
111
379
112
109
70
134
111
186
344
187
192
143
103
124
114
117
87
171
104
87
160
107
112
106
104
107
111
96
158
140
144
300
191
241
293
117
263
124
165
70
161
102
242
70
96
115
137
219
70
222
458
70
101
117
70
97
266
70
177
127
70
90
105
116
107
181
117
70
105
105
124
114
120
70
70
108
118
156
70
145
70
165
70
119
110
70
104
98
111
348
70
102
103
100
108
109
161
107
107
105
136
70
135
128
186
229
102
100
96
90
102
117
70
140
157
150
130
116
109
121
109
100
147
180
189
124
111
149
183
101
121
208
157
102
184
116
70
111
114
120
113
141
105
123
120
112
131
108
110
147
116
112
123
122
119
120
121
155
132
123
149
118
120
118
113
102
128
141
356
278
70
116
2
334
128
212
956
111
139
107
132
70
107
130
118
114
114
107
149
106
133
115
105
105
114
169
122
118
108
115
114
117
107
104
96
70
102
98
255
70
107
290
70
330
161
216
70
104
102
149
133
104
70
70
70
99
70
106
70
108
90
145
147
116
112
111
110
109
129
111
70
99
92
