5
0
0
0
0

55
0
2
10
2

19
0
1
10
2

9
0
0
0
0

10
0
1
3
0

118
0
4
30
2

86
0
2
4
0

22
0
2
4
0

19
0
1
12
0

59
0
1
58
0

107
0
1
81
0

55
0
1
52
0

9
0
0
0
0

8
0
0
0
0

39
0
1
28
1

135
1
1
127
0

109
0
1
92
0

337
1
1
308
0

68
0
6
10
1

29
0
3
10
2

93
0
1
86
0

234
0
13
22
3

56
1
0
0
0

1
0
0
0
0

137
1
1
129
0

805
1
1
756
0

27
0
0
0
1

217
0
8
59
2

89
0
1
76
3

39
0
1
0
0

5
0
1
1
0

53
0
2
32
1

148
1
1
140
0

32
0
3
6
0

325
0
33
15
1

174
1
15
17
2

41
0
2
20
3

38
0
1
31
0

115
0
6
5
1

58
0
3
27
2

98
0
1
97
2

10
0
0
0
0

302
0
1
278
0

58
0
1
48
0

139
1
12
17
2

14
0
0
0
0

12
0
0
0
0

82
0
1
58
0

113
0
3
12
1

5
0
0
0
0

100
0
1
99
0

28
0
1
15
1

77
0
3
8
0

14
0
2
4
0

6
0
1
1
0

496
1
1
470
0

16
0
1
13
0

133
0
13
15
1

2
1
1
1
0

65
1
1
64
1

40
0
1
12
1

6
0
0
0
0

251
0
24
8
1

7
0
1
6
6

87
1
4
26
1

70
0
3
42
2

372
0
1
346
0

193
0
5
72
1

109
0
2
37
0

13
0
0
0
0

212
1
1
186
0

74
0
1
50
1

31
0
3
7
0

79
1
5
5
0

3
0
0
0
0

28
0
1
5
1

92
0
0
0
1

81
0
3
50
2

1540
1
38
142
2

207
1
1
181
0

35
0
2
10
0

8
0
1
1
0

202
0
1
182
2

18
0
0
0
0

101
1
1
88
2

18
0
1
9
2

8
0
0
0
0

15
0
1
8
2

24
0
0
0
0

55
0
12
4
0

86
0
4
18
3

14
0
0
0
0

13
0
0
0
0

156
0
1
151
1

130
0
5
13
0

68
1
0
0
0

33
0
2
12
0

132
0
6
4
0

16
0
0
0
0

71
0
3
26
1

8
0
1
1
0

5
0
0
0
0

4
0
0
0
0

23
0
3
2
0

55
0
1
45
3

100
0
1
89
0

659
1
5
53
3

21
0
0
0
0

149
1
1
124
0

150
1
15
18
3

158
1
1
141
2

13
0
0
0
0

20
0
0
0
0

10
0
1
9
0

295
1
11
41
1

54
0
3
0
2

8
0
1
5
0

10
1
1
3
0

56
1
0
0
0

80
0
9
14
0

19
0
1
16
0

7
0
1
6
6

6
0
1
0
0

9
0
0
0
0

66
1
3
12
0

4
0
1
1
0

151
0
7
5
1

20
0
0
0
0

241
0
16
40
2

129
1
1
121
0

42
0
3
11
2

68
1
2
4
2

18
0
1
9
1

7
0
0
0
0

15
1
1
14
0

72
1
1
0
0

169
1
7
44
1

37
0
0
0
0

338
1
6
29
1

67
1
6
15
1

31
0
1
21
4

43
0
0
0
0

154
0
3
108
1

33
0
1
0
0

16
0
3
1
0

197
0
2
41
2

353
0
8
7
2

13
0
0
0
0

137
1
1
112
0

22
1
1
14
2

40
0
2
12
1

23
1
0
0
0

220
0
11
16
2

24
0
1
20
1

115
1
1
98
0

125
1
1
100
1

12
0
1
3
0

83
1
0
0
1

7
0
1
2
0

12
0
0
0
0

191
0
2
3
1

40
0
1
23
0

63
0
3
12
0

14
0
1
7
0

60
0
2
41
0

19
0
1
12
0

13
0
1
8
0

207
1
1
181
0

27
0
0
0
1

80
0
2
30
1

23
0
1
11
1

47
1
2
26
1

36
0
0
0
0

137
1
1
129
0

90
0
6
26
2

24
0
1
16
0

241
1
1
215
0

15
0
1
6
0

9
0
0
0
0

48
0
4
11
1

12
0
1
3
0

20
0
1
0
0

228
0
22
8
1

106
0
14
9
1

16
0
1
12
0

337
0
1
284
4

80
0
2
16
0

31
0
0
0
0

53
0
1
11
0

544
0
10
20
1

4
0
0
0
0

61
0
3
20
0

182
1
17
17
3

87
1
1
68
2

15
0
0
0
0

427
1
1
397
0

16
0
0
0
0

12
0
1
9
1

33
0
2
9
0

244
1
1
218
0

7
0
0
0
0

53
0
0
0
2

143
1
1
135
0

24
0
0
0
0

17
0
0
0
1

23
0
1
12
0

6
0
1
5
0

7
0
1
6
6

35
0
1
18
1

18
0
1
7
1

41
0
1
31
4

236
1
1
208
1

31
0
1
27
0

67
1
2
51
0

217
0
8
59
2

19
0
3
6
1

24
0
1
17
0

23
0
0
0
0

37
1
2
7
0

7
0
0
0
0

97
1
1
50
0

8
0
0
0
0

8
0
0
0
0

50
0
1
40
1

19
0
2
8
1

125
0
6
5
1

43
0
1
31
1

41
0
0
0
0

16
0
0
0
1

7
0
1
6
6

9
0
0
0
0

136
1
1
128
0

241
1
1
226
1

133
1
8
47
0

260
1
34
79
0

29
0
0
0
0

101
1
1
86
2

664
1
1
633
1

42
0
1
24
0

25
0
1
8
0

34
0
0
0
0

22
0
1
12
0

36
0
2
13
1

124
0
1
116
3

236
1
1
210
0

61
0
1
60
1

240
1
1
214
0

151
1
1
143
0

57
0
4
23
0

24
0
1
16
0

49
0
3
14
1

6
0
1
5
0

62
0
3
32
2

58
0
4
22
1

7
0
0
0
0

4
0
0
0
0

170
1
6
92
2

10
0
2
2
0

26
0
3
3
1

29
0
2
14
1

6
0
1
2
0

83
0
0
0
0

19
0
1
12
0

27
1
1
11
0

31
0
0
0
0

8
0
1
1
0

195
1
1
169
0

34
0
1
0
0

56
0
5
10
0

194
0
1
168
0

238
0
2
83
1

143
1
1
135
0

9
0
0
0
1

148
1
1
140
0

6
0
1
2
0

80
0
4
31
2

25
0
1
0
0

19
0
1
15
0

11
0
0
0
0

191
1
1
179
5

32
1
0
0
0

98
1
3
43
3

28
0
1
25
1

72
0
1
4
3

76
0
1
66
0

19
0
0
0
0

138
0
4
24
0

356
1
9
107
3

7
0
1
6
6

21
0
0
0
0

41
1
0
0
1

4
1
0
0
0

11
1
1
0
0

6
0
0
0
0

17
0
1
13
0

36
1
0
0
0

23
0
1
15
0

15
0
0
0
0

8
0
1
7
4

8
0
1
1
0

76
0
2
32
0

53
0
3
21
1

72
0
1
66
1

20
0
1
13
1

54
0
1
17
1

10
0
0
0
0

157
0
11
6
0

199
0
20
25
2

208
1
1
182
0

144
1
1
136
0

33
0
1
2
0

37
0
2
16
0

24
0
0
0
0

174
0
9
37
1

13
0
1
12
0

143
1
1
135
0

11
0
0
0
0

47
0
1
42
1

260
0
19
24
1

31
0
1
13
1

100
0
1
89
0

48
0
2
11
1

50
0
3
6
1

25
0
0
0
0

55
1
1
35
0

211
1
1
185
0

28
0
3
5
0

122
0
1
117
3

236
1
1
210
0

34
0
2
20
1

11
0
1
2
0

79
0
2
36
1

122
1
1
104
0

170
0
3
18
0

79
0
8
25
1

9
0
1
2
0

7
0
1
6
6

10
0
1
2
0

74
0
0
0
0

3
0
0
0
0

7
0
0
0
0

19
1
0
0
0

154
0
1
131
1

35
0
1
31
0

38
0
1
31
0

45
0
1
28
0

99
0
7
15
2

72
0
1
60
2

22
0
0
0
0

78
1
1
31
0

121
0
4
41
1

58
0
1
41
1

16
0
0
0
0

375
1
12
10
1

21
0
0
0
0

87
1
1
76
1

65
0
2
11
1

12
0
1
1
0

49
0
0
0
1

8
0
0
0
0

80
1
1
46
1

149
1
1
124
0

40
0
2
16
0

17
0
0
0
0

86
0
1
82
0

126
0
0
0
0

245
0
1
216
1

23
0
1
17
1

3
0
0
0
0

170
0
1
154
2

32
0
1
18
0

53
1
7
5
1

119
0
17
7
0

18
0
2
1
0

120
0
1
115
0

29
0
1
19
4

11
0
1
2
0

352
1
5
26
2

303
1
7
47
1

13
0
2
4
0

9
0
1
2
0

8
0
0
0
0

57
1
5
15
0

22
0
1
18
0

133
0
1
118
0

12
0
0
0
0

19
0
1
12
0

61
0
5
5
1

39
0
0
0
0

163
0
5
38
2

17
0
0
0
0

17
1
1
7
1

13
0
0
0
0

80
1
2
41
0

1
0
0
0
0

17
0
0
0
0

8
0
1
5
0

6
0
1
5
0

184
1
15
37
2

68
1
1
62
0

19
0
1
12
0

14
0
1
4
0

7
0
1
6
6

236
1
22
26
1

263
1
3
137
1

195
0
17
42
1

50
1
4
4
0

6
0
0
0
0

50
1
2
22
1

12
0
1
11
0

11
0
0
0
0

27
0
1
19
0

72
1
1
47
0

44
0
9
13
1

401
0
11
28
1

560
1
34
32
1

59
0
1
54
1

188
0
6
64
2

146
1
5
33
2

83
1
11
12
1

77
0
4
18
1

202
0
20
8
0

9
0
1
2
0

28
0
2
17
0

8
0
0
0
0

61
0
1
48
2

4
0
0
0
0

14
0
1
13
0

125
1
1
100
1

245
0
14
11
1

7
0
1
6
6

14
0
1
4
1

23
0
2
5
0

2317
1
20
127
2

148
0
1
124
0

52
0
0
0
1

26
0
4
2
0

16
0
1
6
0

10
0
0
0
0

34
0
2
7
1

12
0
0
0
0

8
0
1
6
1

40
0
1
31
3

16
0
1
6
0

13
0
2
1
0

43
0
0
0
0

10
0
0
0
0

142
1
1
134
0

14
0
1
0
0

28
0
2
11
0

12
0
0
0
0

18
0
0
0
1

32
0
1
31
0

108
0
2
77
0

23
0
1
7
1

51
0
1
44
1

47
0
1
46
0

107
0
2
26
1

103
0
3
47
1

141
1
1
133
0

14
0
0
0
0

16
0
2
1
0

164
1
1
150
1

24
0
2
8
0

562
1
35
32
1

30
0
0
0
0

16
0
0
0
0

50
0
2
8
0

8
0
1
1
0

30
0
0
0
0

10
0
1
0
0

139
1
2
121
1

130
1
15
9
1

25
0
1
17
0

19
0
1
3
0

42
0
4
11
1

55
0
10
7
1

15
0
1
0
0

9
0
1
2
0

34
0
2
6
1

34
0
2
9
1

223
0
20
37
1

58
1
0
0
0

145
1
1
129
1

9
0
0
0
0

16
0
1
3
1

56
0
3
15
1

10
0
1
9
6

23
0
1
4
0

27
0
0
0
0

32
0
2
13
2

5
0
0
0
0

7
0
1
6
6

22
0
1
15
0

54
1
1
42
1

483
1
22
47
1

61
1
1
50
1

7
0
1
6
6

16
0
1
7
2

56
0
3
17
2

207
1
1
181
0

